<?xml version="1.0" encoding="UTF-8"?>
<!-- Generated by org.testng.reporters.JUnitReportReporter -->
<testsuite hostname="ASCINLAP60933" failures="0" tests="1" name="jengit.sample" time="0.688" errors="0" timestamp="2024-12-23T11:56:13 IST" skipped="0">
  <testcase classname="jengit.sample" name="testSearchAndAddToCart" time="0.688"/>
  <system-out/>
</testsuite> <!-- jengit.sample -->
